Compiling the C compiler identification source file "CMakeCCompilerId.c" failed.
Compiler: C:/Actions/ZEPHYR_SDK/1.02/gcc-arm-none-eabi-9-2020-q2-update-win32/bin/arm-none-eabi-gcc.exe 
Build flags: 
Id flags:  

The output was:
1
c:/actions/zephyr_sdk/1.02/gcc-arm-none-eabi-9-2020-q2-update-win32/bin/../lib/gcc/arm-none-eabi/9.3.1/../../../../arm-none-eabi/bin/ld.exe: c:/actions/zephyr_sdk/1.02/gcc-arm-none-eabi-9-2020-q2-update-win32/bin/../lib/gcc/arm-none-eabi/9.3.1/../../../../arm-none-eabi/lib\libc.a(lib_a-exit.o): in function `exit':
exit.c:(.text.exit+0x2c): undefined reference to `_exit'
collect2.exe: error: ld returned 1 exit status


Compiling the CXX compiler identification source file "CMakeCXXCompilerId.cpp" failed.
Compiler: C:/Actions/ZEPHYR_SDK/1.02/gcc-arm-none-eabi-9-2020-q2-update-win32/bin/arm-none-eabi-gcc.exe 
Build flags: 
Id flags:  

The output was:
1
c:/actions/zephyr_sdk/1.02/gcc-arm-none-eabi-9-2020-q2-update-win32/bin/../lib/gcc/arm-none-eabi/9.3.1/../../../../arm-none-eabi/bin/ld.exe: c:/actions/zephyr_sdk/1.02/gcc-arm-none-eabi-9-2020-q2-update-win32/bin/../lib/gcc/arm-none-eabi/9.3.1/../../../../arm-none-eabi/lib\libc.a(lib_a-exit.o): in function `exit':
exit.c:(.text.exit+0x2c): undefined reference to `_exit'
collect2.exe: error: ld returned 1 exit status


Performing C SOURCE FILE Test check_mstack_protector_guard_global_C__nostartfiles__nostdlib__isystem__c__actions_zephyr_sdk_1_02_gcc_arm_none_eabi_9_2020_q2_update_win32_bin____lib_gcc_arm_none_eabi_9_3_1_include___isystem__c__actions_zephyr_sdk_1_02_gcc_arm_none_eabi_9_2020_q2_update_win32_bin____lib_gcc_arm_none_eabi_9_3_1_include_fixed___Wl___unresolved_symbols_ignore_in_object_files__Wl___entry_0 failed with the following output:
Change Dir: D:/cm2025_src/application/bt_earphone/outdir_app/cuckoo_dvb_earphone/CMakeFiles/CMakeTmp

Run Build Command(s):C:/Actions/ZEPHYR_SDK/1.02/bin/ninja.exe cmTC_051aa && [1/2] Building C object CMakeFiles/cmTC_051aa.dir/src.c.obj
FAILED: CMakeFiles/cmTC_051aa.dir/src.c.obj 
C:\Actions\ZEPHYR_SDK\1.02\gcc-arm-none-eabi-9-2020-q2-update-win32\bin\arm-none-eabi-gcc.exe -Dcheck_mstack_protector_guard_global_C__nostartfiles__nostdlib__isystem__c__actions_zephyr_sdk_1_02_gcc_arm_none_eabi_9_2020_q2_update_win32_bin____lib_gcc_arm_none_eabi_9_3_1_include___isystem__c__actions_zephyr_sdk_1_02_gcc_arm_none_eabi_9_2020_q2_update_win32_bin____lib_gcc_arm_none_eabi_9_3_1_include_fixed___Wl___unresolved_symbols_ignore_in_object_files__Wl___entry_0  -nostartfiles -nostdlib -isystem "c:/actions/zephyr_sdk/1.02/gcc-arm-none-eabi-9-2020-q2-update-win32/bin/../lib/gcc/arm-none-eabi/9.3.1/include" -isystem "c:/actions/zephyr_sdk/1.02/gcc-arm-none-eabi-9-2020-q2-update-win32/bin/../lib/gcc/arm-none-eabi/9.3.1/include-fixed" -Wl,--unresolved-symbols=ignore-in-object-files -Wl,--entry=0   -mstack-protector-guard=global -o CMakeFiles/cmTC_051aa.dir/src.c.obj -c D:/cm2025_src/application/bt_earphone/outdir_app/cuckoo_dvb_earphone/CMakeFiles/CMakeTmp/src.c
arm-none-eabi-gcc.exe: error: unrecognized command line option '-mstack-protector-guard=global'; did you mean '-fstack-protector-all'?
ninja: build stopped: subcommand failed.


Source file was:
int main(void) { return 0; }
Performing C SOURCE FILE Test check_C__nostartfiles__nostdlib__isystem__c__actions_zephyr_sdk_1_02_gcc_arm_none_eabi_9_2020_q2_update_win32_bin____lib_gcc_arm_none_eabi_9_3_1_include___isystem__c__actions_zephyr_sdk_1_02_gcc_arm_none_eabi_9_2020_q2_update_win32_bin____lib_gcc_arm_none_eabi_9_3_1_include_fixed___Wl___unresolved_symbols_ignore_in_object_files__Wl___entry_0__lasan failed with the following output:
Change Dir: D:/cm2025_src/application/bt_earphone/outdir_app/cuckoo_dvb_earphone/CMakeFiles/CMakeTmp

Run Build Command(s):C:/Actions/ZEPHYR_SDK/1.02/bin/ninja.exe cmTC_af518 && [1/2] Building C object CMakeFiles/cmTC_af518.dir/src.c.obj
[2/2] Linking C executable cmTC_af518
FAILED: cmTC_af518 
cmd.exe /C "cd . && C:\Actions\ZEPHYR_SDK\1.02\gcc-arm-none-eabi-9-2020-q2-update-win32\bin\arm-none-eabi-gcc.exe -nostartfiles -nostdlib -isystem "c:/actions/zephyr_sdk/1.02/gcc-arm-none-eabi-9-2020-q2-update-win32/bin/../lib/gcc/arm-none-eabi/9.3.1/include" -isystem "c:/actions/zephyr_sdk/1.02/gcc-arm-none-eabi-9-2020-q2-update-win32/bin/../lib/gcc/arm-none-eabi/9.3.1/include-fixed" -Wl,--unresolved-symbols=ignore-in-object-files -Wl,--entry=0 -lasan  CMakeFiles/cmTC_af518.dir/src.c.obj -o cmTC_af518   && cd ."
c:/actions/zephyr_sdk/1.02/gcc-arm-none-eabi-9-2020-q2-update-win32/bin/../lib/gcc/arm-none-eabi/9.3.1/../../../../arm-none-eabi/bin/ld.exe: cannot find -lasan
collect2.exe: error: ld returned 1 exit status
ninja: build stopped: subcommand failed.


Source file was:
int main(void) { return 0; }
Performing C SOURCE FILE Test check_C__nostartfiles__nostdlib__isystem__c__actions_zephyr_sdk_1_02_gcc_arm_none_eabi_9_2020_q2_update_win32_bin____lib_gcc_arm_none_eabi_9_3_1_include___isystem__c__actions_zephyr_sdk_1_02_gcc_arm_none_eabi_9_2020_q2_update_win32_bin____lib_gcc_arm_none_eabi_9_3_1_include_fixed___Wl___unresolved_symbols_ignore_in_object_files__Wl___entry_0__mfloat_abi_hard failed with the following output:
Change Dir: D:/cm2025_src/application/bt_earphone/outdir_app/cuckoo_dvb_earphone/CMakeFiles/CMakeTmp

Run Build Command(s):C:/Actions/ZEPHYR_SDK/1.02/bin/ninja.exe cmTC_a1160 && [1/2] Building C object CMakeFiles/cmTC_a1160.dir/src.c.obj
FAILED: CMakeFiles/cmTC_a1160.dir/src.c.obj 
C:\Actions\ZEPHYR_SDK\1.02\gcc-arm-none-eabi-9-2020-q2-update-win32\bin\arm-none-eabi-gcc.exe -Dcheck_C__nostartfiles__nostdlib__isystem__c__actions_zephyr_sdk_1_02_gcc_arm_none_eabi_9_2020_q2_update_win32_bin____lib_gcc_arm_none_eabi_9_3_1_include___isystem__c__actions_zephyr_sdk_1_02_gcc_arm_none_eabi_9_2020_q2_update_win32_bin____lib_gcc_arm_none_eabi_9_3_1_include_fixed___Wl___unresolved_symbols_ignore_in_object_files__Wl___entry_0__mfloat_abi_hard  -nostartfiles -nostdlib -isystem "c:/actions/zephyr_sdk/1.02/gcc-arm-none-eabi-9-2020-q2-update-win32/bin/../lib/gcc/arm-none-eabi/9.3.1/include" -isystem "c:/actions/zephyr_sdk/1.02/gcc-arm-none-eabi-9-2020-q2-update-win32/bin/../lib/gcc/arm-none-eabi/9.3.1/include-fixed" -Wl,--unresolved-symbols=ignore-in-object-files -Wl,--entry=0 -mfloat-abi=hard -o CMakeFiles/cmTC_a1160.dir/src.c.obj -c D:/cm2025_src/application/bt_earphone/outdir_app/cuckoo_dvb_earphone/CMakeFiles/CMakeTmp/src.c
cc1.exe: error: '-mfloat-abi=hard': selected processor lacks an FPU
ninja: build stopped: subcommand failed.


Source file was:
int main(void) { return 0; }
